Name                                                                   Stmts   Miss  Cover   Missing
----------------------------------------------------------------------------------------------------
Data/LoadGraphDataset.py                                                 301    128    57%   35, 47-54, 76-78, 94-99, 113-114, 122, 125-126, 134, 140, 150, 180-201, 209-228, 232-255, 258, 261-265, 268-302, 305-315, 346-354, 357-364, 368, 374-375, 377-378, 411, 417, 419-420, 424-427, 443-444
DatasetCreator/Gurobi/GurobiSolver.py                                    467    448     4%   6-16, 20-51, 57-89, 95-127, 131-157, 161-184, 188-211, 214-257, 262-317, 320-374, 377-438, 441-503, 506-548, 551-597, 600-644, 648-696
DatasetCreator/Gurobi/__init__.py                                          0      0   100%
DatasetCreator/__init__.py                                                 0      0   100%
DatasetCreator/jraph_utils/__init__.py                                     0      0   100%
DatasetCreator/jraph_utils/utils.py                                      309    274    11%   8-12, 16-41, 44-48, 51-65, 68-81, 84-107, 110-127, 130-170, 173-207, 210-221, 224-243, 246-266, 269-271, 274-277, 281-291, 294, 297-300, 304-307, 312-315, 319-321, 324-330, 333-337, 341-346, 349-364, 379-393, 397-402, 406-411, 414-415, 421-429, 434-442, 447-459
DatasetCreator/loadGraphDatasets/BADatasetGenerator.py                    47     40    15%   12-27, 32-86
DatasetCreator/loadGraphDatasets/BaseDatasetGenerator.py                 115     89    23%   36-80, 91, 101-144, 153-155, 164-167, 176, 185-186, 195-201, 205-215
DatasetCreator/loadGraphDatasets/GsetDatasetGenerator.py                 239    210    12%   31-43, 48-96, 99-112, 115-132, 140-217, 222-234, 237-249, 252-271, 274-336, 342-344, 349-356
DatasetCreator/loadGraphDatasets/HCPDatasetGenerator.py                  324    145    55%   148, 155, 182, 186-189, 199, 201-205, 211, 222-225, 251-291, 296-300, 350-463, 492-501, 507-554
DatasetCreator/loadGraphDatasets/IsingModelDatasetGenerator.py            81     70    14%   15-20, 26-27, 30-77, 80-121
DatasetCreator/loadGraphDatasets/RBDatasetGenerator.py                    85     75    12%   12-22, 29-94, 100-106, 109-163
DatasetCreator/loadGraphDatasets/RB_graphs/__init__.py                     0      0   100%
DatasetCreator/loadGraphDatasets/RB_graphs/csp_utils.py                  156    116    26%   31-32, 36-40, 45-55, 84-104, 111-121, 130-149, 159-170, 180-196, 206-211, 221-229, 239-277
DatasetCreator/loadGraphDatasets/RB_graphs/generate_xu_instances.py       35     25    29%   10-34, 39-52, 55
DatasetCreator/loadGraphDatasets/SpinGlassDatasetGenerator.py             88     76    14%   16-21, 27-28, 31-81, 84-127
DatasetCreator/loadGraphDatasets/SpinGlassUniformDatasetGenerator.py      88     76    14%   16-21, 27-28, 31-81, 84-127
DatasetCreator/loadGraphDatasets/TSPDatasetGenerator.py                  262    230    12%   14, 24, 28, 35-43, 49-110, 114-141, 144-194, 197-207, 210-221, 224-257, 261-283, 287-304, 307-325, 329-330, 334-409
DatasetCreator/loadGraphDatasets/__init__.py                              18      6    67%   24-30
DatasetCreator/loadGraphDatasets/save_utils.py                            12      8    33%   6-11, 15-17
EnergyFunctions/BaseEnergy.py                                            368    334     9%   17, 21-24, 28, 32-33, 37-138, 141-257, 261-305, 308-362, 366-470, 475-524, 529-540, 543-546, 551-555, 559-570
EnergyFunctions/HCPEnergy.py                                              45      2    96%   98, 102
EnergyFunctions/IsingModelEnergy.py                                       25     14    44%   8-9, 13-26, 29, 33-34
EnergyFunctions/MDSEnergy.py                                              41     27    34%   9-10, 24-40, 44-60, 64, 68
EnergyFunctions/MISEnergy.py                                              27     16    41%   9-10, 24-39, 43, 47-48
EnergyFunctions/MVCEnergy.py                                              41     28    32%   9-10, 24-39, 53-66, 69, 73-74
EnergyFunctions/MaxClEnergy.py                                            26     15    42%   9-10, 24-37, 40, 44-45
EnergyFunctions/MaxCutEnergy.py                                           39     26    33%   9-10, 24-41, 54-74, 78, 82-83
EnergyFunctions/SpinGlass.py                                              28     17    39%   8-11, 15-30, 33, 37-38
EnergyFunctions/TSPEnergy.py                                              71     54    24%   10-16, 29-73, 77-85, 89-108, 112, 116-117
EnergyFunctions/__init__.py                                               16      1    94%   23
GraphWithMeta.py                                                          21      7    67%   13, 22-27
HCProblem_test.py                                                         72     59    18%   12-16, 20-22, 25-52, 55-90, 94-97
MCMC/MCMCSampler.py                                                      108     90    17%   11-17, 20, 23-29, 32-49, 52-65, 69-73, 78-84, 93-111, 116-144, 147-158, 161-166
Networks/DiffModel.py                                                    292     60    79%   61, 77-87, 158-163, 237-242, 251, 255, 269, 271-272, 283, 314-327, 331-360, 379-381
Networks/Modules/GNNModules/EncodeProcessDecode.py                       181    118    35%   28-37, 46-75, 93-99, 108-133, 151-157, 166-189, 221-243, 252-266, 293-325, 334-346
Networks/Modules/GNNModules/GAT.py                                       105     71    32%   11-16, 22, 26-29, 33-46, 50-51, 57-61, 68-71, 80-86, 90-102, 130-166, 170-201
Networks/Modules/GNNModules/GraphNorm.py                                 106     72    32%   19, 73, 106-125, 129-131, 135-145, 150-160, 165-222
Networks/Modules/GNNModules/TSPModel.py                                   36     15    58%   37-50, 59-73
Networks/Modules/GNNModules/TSPTransformer.py                             55     32    42%   40-62, 72-93
Networks/Modules/GNNModules/U_Net.py                                      81     48    41%   13-19, 28-30, 40-45, 49-52, 56-61, 65-68, 80-107, 111-123
Networks/Modules/GNNModules/__init__.py                                    0      0   100%
Networks/Modules/HeadModules/NormalHead.py                                31     12    61%   17, 25-28, 40, 48-57
Networks/Modules/HeadModules/RLHead.py                                    83     53    36%   11-18, 35-37, 45-52, 65-67, 75-82, 85-92, 105-107, 115-133
Networks/Modules/HeadModules/__init__.py                                   0      0   100%
Networks/Modules/MLPModules/MLPs.py                                       62     30    52%   16-30, 37, 48-61, 68, 81-92, 99
Networks/Modules/MLPModules/__init__.py                                    0      0   100%
Networks/Modules/Transformer/LinearTransformerEncoderStack.py             61      1    98%   17
Networks/Modules/Transformer/TransformerEncoderStack.py                   37     16    57%   16-34, 47-55
Networks/Modules/__init__.py                                              24      6    75%   17, 23, 27-30, 36
Networks/Modules/xLSTM/mlstm.py                                          225    181    20%   31-46, 71-91, 97-142, 167-184, 189-203, 231-244, 257-273, 277, 281, 285, 289, 300-308, 311-325, 343-360, 378-391, 394-408, 419-426
Networks/Modules/xLSTM/utils.py                                           27     16    41%   8-10, 16-18, 25, 48-65
Networks/__init__.py                                                       0      0   100%
NoiseDistributions/AnnealedNoise.py                                       49     20    59%   18-20, 26, 32-46, 50-55
NoiseDistributions/BaseNoise.py                                           64     31    52%   25, 29, 33, 37, 41, 44, 47, 52, 55-80, 84
NoiseDistributions/BernoulliNoise.py                                      74     53    28%   9, 12, 15, 19-30, 35-42, 45-61, 65-73, 77-84, 88-99, 102-103
NoiseDistributions/CategoricalNoise.py                                    52     35    33%   9-10, 13, 16, 20-43, 47, 51, 55-69, 72-73
NoiseDistributions/CombinedNoiseDistr.py                                  40     21    48%   11-17, 20, 23, 27-30, 34-38, 42, 47-49, 52-53
NoiseDistributions/OrdinalNoise.py                                        86     67    22%   9-11, 14, 17, 21-45, 52-58, 62-76, 80-99, 103, 107-119, 122-123
NoiseDistributions/__init__.py                                            11      1    91%   18
Trainers/BaseTrainer.py                                                  621    464    25%   45, 95, 98-100, 111-112, 134-138, 144-171, 178, 182, 201, 205-209, 222-234, 240-320, 324, 327-335, 338-384, 387-390, 395-396, 403-465, 470-517, 521-573, 578-680, 683-753, 756-771, 776-801, 804-811, 815-817, 825-828, 831-835, 839-843, 860, 868-898, 905-906, 914-934, 937-942, 946-954, 960, 966
Trainers/ForwardKL_Trainer.py                                            308    271    12%   15-48, 51-60, 64-88, 92-97, 105-111, 115-117, 121-122, 126-129, 133-135, 138-140, 143-158, 163-195, 198-199, 203-245, 249-346, 350-398, 403-492
Trainers/PPO_Trainer.py                                                  483    138    71%   99, 129-138, 142-212, 228-229, 422, 591-695, 701, 724-725, 733, 751-752, 754-755, 766-769, 813
Trainers/REINFORCE_Trainer.py                                            232    212     9%   8-16, 20, 23, 28-61, 66-90, 95-116, 120-245, 249-307, 312-414
Trainers/__init__.py                                                      10      1    90%   15
Trainers/ppo_utils.py                                                     33      0   100%
argparse_ray_main.py                                                     179     47    74%   106, 115, 122-129, 142-143, 153, 156-157, 173-279, 389, 397, 408-409
house_config/__init__.py                                                   2      0   100%
house_config/utils.py                                                    109     33    70%   39, 81-105, 151, 171-180, 204-207, 212-217
jraph_utils.py                                                           309    203    34%   14, 20, 25, 31-35, 39-41, 47, 88, 93, 123-126, 131-140, 144-146, 149-155, 159-170, 189-193, 196-200, 204-219, 240-241, 252-254, 258-270, 273-288, 303, 318, 323-334, 338-343, 347-352, 357-387, 391-444, 449-530, 566-601, 637-672, 677-688, 691-694
playground/Clusters/Meluxina.py                                            6      0   100%
playground/Clusters/__init__.py                                            0      0   100%
train.py                                                                 997    454    54%   44-45, 71, 73, 93-94, 99-100, 132-136, 140, 145, 147, 170-171, 176, 181, 186-187, 192-193, 198, 203-204, 209, 214, 219, 224-225, 230, 235, 240, 245, 250, 260, 298, 301-303, 314-315, 326, 330-335, 338-345, 348-357, 363-366, 377, 411-436, 439-441, 451-454, 470, 477-480, 485-486, 502, 514-532, 546-555, 579-581, 585, 590, 599-607, 610-617, 620-622, 627-638, 646-650, 655, 659-662, 665-680, 683-686, 724, 835-836, 840-859, 969-1062, 1065-1192, 1199-1200, 1207-1212, 1218-1228, 1232-1241, 1275-1281, 1300-1301, 1313-1343, 1359, 1380, 1405-1406, 1413-1417, 1419-1426, 1432-1435, 1444, 1449, 1465, 1492-1500, 1503-1511, 1515-1522, 1530-1537
utils/MovingAverages.py                                                   70     35    50%   18, 53-96
utils/dict_count.py                                                       27     22    19%   6-13, 17-29, 35-41, 46-56
utils/lr_schedule.py                                                      24     16    33%   5-13, 26-33
utils/reshape_utils.py                                                     6      1    83%   8
----------------------------------------------------------------------------------------------------
TOTAL                                                                   8753   5562    36%
